#
# A fatal error has been detected by the Java Runtime Environment:
#
#  EXCEPTION_ACCESS_VIOLATION (0xc0000005) at pc=0x0000000017efbff0, pid=5748, tid=0x000000000000027c
#
# JRE version: OpenJDK Runtime Environment (8.0_152-b01) (build 1.8.0_152-release-915-b01)
# Java VM: OpenJDK 64-Bit Server VM (25.152-b01 mixed mode windows-amd64 compressed oops)
# Problematic frame:
# C  0x0000000017efbff0
#
# Failed to write core dump. Minidumps are not enabled by default on client versions of Windows
#
# If you would like to submit a bug report, please visit:
#   http://bugreport.java.com/bugreport/crash.jsp
#

---------------  T H R E A D  ---------------

Current thread (0x0000000004a2b800):  GCTaskThread [stack: 0x00000000146e0000,0x00000000147e0000] [id=636]

siginfo: ExceptionCode=0xc0000005, ExceptionInformation=0x0000000000000008 0x0000000017efbff0

Registers:
RAX=0x0000000017efb608, RBX=0x00000000facb6308, RCX=0x000000010001a798, RDX=0x00000000188c3d80
RSP=0x00000000147df318, RBP=0x00000000000001d5, RSI=0x00000000188c3d80, RDI=0x00000000fc5fbfc8
R8 =0x00000000fc5fbfc8, R9 =0x000000010001a798, R10=0x6a8176c6200034f3, R11=0x00000000fc5fbfc8
R12=0x0000000013eeebf5, R13=0x0000000000000035, R14=0x0000000000000000, R15=0x0000000004a1d6d0
RIP=0x0000000017efbff0, EFLAGS=0x0000000000010203

Top of Stack: (sp=0x00000000147df318)
0x00000000147df318:   000000007289c351 000000000000003d
0x00000000147df328:   0000000000000004 00000000188c3d80
0x00000000147df338:   00000000faef7050 00000000fc5f7120
0x00000000147df348:   000000007289c81b 00000000188c3d80
0x00000000147df358:   00000000725bd403 0000000000000000
0x00000000147df368:   00000000188c3d00 0000000013eeebf5
0x00000000147df378:   000000007289c440 00000000fc5fbdc0
0x00000000147df388:   0000000013eeec01 00000000188c3d80
0x00000000147df398:   00000000a3d7ee08 00000000fc5fbdc0
0x00000000147df3a8:   000000007289cfe5 00000000face6d30
0x00000000147df3b8:   0000000013eeec01 00000000188c3d80
0x00000000147df3c8:   00000000188c3d80 00000000188c3d80
0x00000000147df3d8:   00000000725969f0 00000000a3cffb1c
0x00000000147df3e8:   00000000725bf247 00000000a3d768dc
0x00000000147df3f8:   00000000725bd403 00000000a3d768d9
0x00000000147df408:   00000000a3d768d9 00000000a3d7ec94 

Instructions: (pc=0x0000000017efbff0)
0x0000000017efbfd0:   04 00 02 00 02 00 09 00 2a bb 00 1d 59 2b b7 15
0x0000000017efbfe0:   00 b7 16 00 b1 ff 00 c6 11 61 00 00 00 00 00 00
0x0000000017efbff0:   b8 7b a9 72 00 00 00 00 a8 bf ef 17 00 00 00 00
0x0000000017efc000:   00 00 00 00 00 00 00 00 00 00 00 00 00 00 00 00 


Register to memory mapping:

RAX=0x0000000017efb608 is pointing into metadata
RBX=0x00000000facb6308 is an oop

[error occurred during error reporting (printing register info), id 0xc0000005]

Stack: [0x00000000146e0000,0x00000000147e0000],  sp=0x00000000147df318,  free space=1020k
Native frames: (J=compiled Java code, j=interpreted, Vv=VM code, C=native code)
C  0x0000000017efbff0


---------------  P R O C E S S  ---------------

Java Threads: ( => current thread )
  0x000000001cda1800 JavaThread "Cache worker for Java compile cache (C:\Users\edwar\AndroidStudioProjects\CourtCounter\.gradle\4.1\javaCompile)" [_thread_blocked, id=6836, stack(0x000000006d3a0000,0x000000006d4a0000)]
  0x000000001cda0800 JavaThread "Task worker for ':' Thread 7" [_thread_blocked, id=4604, stack(0x000000006a0a0000,0x000000006a1a0000)]
  0x000000001cda4800 JavaThread "Task worker for ':' Thread 6" [_thread_blocked, id=8232, stack(0x0000000069fa0000,0x000000006a0a0000)]
  0x000000001cda2000 JavaThread "Task worker for ':' Thread 5" [_thread_blocked, id=12364, stack(0x0000000069ea0000,0x0000000069fa0000)]
  0x000000001cd9d000 JavaThread "Task worker for ':' Thread 4" [_thread_blocked, id=3100, stack(0x0000000069da0000,0x0000000069ea0000)]
  0x000000001cd9a800 JavaThread "Task worker for ':' Thread 3" [_thread_blocked, id=6316, stack(0x0000000069ca0000,0x0000000069da0000)]
  0x000000001cd9b800 JavaThread "Task worker for ':' Thread 2" [_thread_blocked, id=3848, stack(0x0000000069ba0000,0x0000000069ca0000)]
  0x000000002809f800 JavaThread "Task worker for ':'" [_thread_blocked, id=10588, stack(0x0000000069aa0000,0x0000000069ba0000)]
  0x000000002809e800 JavaThread "Cache worker for task history cache (C:\Users\edwar\AndroidStudioProjects\CourtCounter\.gradle\4.1\taskHistory)" [_thread_blocked, id=7600, stack(0x00000000699a0000,0x0000000069aa0000)]
  0x000000002809c800 JavaThread "Cache worker for file content cache (C:\Users\edwar\AndroidStudioProjects\CourtCounter\.gradle\4.1\fileContent)" [_thread_blocked, id=10368, stack(0x00000000698a0000,0x00000000699a0000)]
  0x00000000280a0000 JavaThread "build operations Thread 8" [_thread_blocked, id=11292, stack(0x00000000697a0000,0x00000000698a0000)]
  0x000000002809d000 JavaThread "build operations Thread 7" [_thread_blocked, id=12700, stack(0x00000000696a0000,0x00000000697a0000)]
  0x000000002809b800 JavaThread "build operations Thread 6" [_thread_blocked, id=3872, stack(0x00000000695a0000,0x00000000696a0000)]
  0x000000002809b000 JavaThread "build operations Thread 5" [_thread_blocked, id=9368, stack(0x00000000694a0000,0x00000000695a0000)]
  0x000000002809e000 JavaThread "build operations Thread 4" [_thread_blocked, id=2304, stack(0x00000000693a0000,0x00000000694a0000)]
  0x0000000028093800 JavaThread "build operations Thread 3" [_thread_blocked, id=2564, stack(0x00000000692a0000,0x00000000693a0000)]
  0x0000000028096800 JavaThread "build operations Thread 2" [_thread_blocked, id=3832, stack(0x00000000691a0000,0x00000000692a0000)]
  0x0000000028092800 JavaThread "build operations" [_thread_blocked, id=4648, stack(0x00000000690a0000,0x00000000691a0000)]
  0x0000000028099800 JavaThread "Cache worker for Artifact transforms cache (C:\Users\edwar\.gradle\caches\transforms-1)" [_thread_blocked, id=5728, stack(0x0000000068fa0000,0x00000000690a0000)]
  0x0000000028095000 JavaThread "Cache worker for file hash cache (C:\Users\edwar\AndroidStudioProjects\CourtCounter\.gradle\4.1\fileHashes)" [_thread_blocked, id=12048, stack(0x0000000068ea0000,0x0000000068fa0000)]
  0x0000000028092000 JavaThread "Stdin handler" [_thread_blocked, id=3708, stack(0x0000000068da0000,0x0000000068ea0000)]
  0x0000000028095800 JavaThread "Asynchronous log dispatcher for DefaultDaemonConnection: socket connection from /127.0.0.1:63916 to /127.0.0.1:64656" [_thread_blocked, id=8928, stack(0x0000000068ca0000,0x0000000068da0000)]
  0x0000000028098800 JavaThread "Daemon worker Thread 10" [_thread_blocked, id=8892, stack(0x0000000068ba0000,0x0000000068ca0000)]
  0x0000000028091000 JavaThread "Cancel handler" [_thread_blocked, id=5780, stack(0x0000000068aa0000,0x0000000068ba0000)]
  0x0000000028098000 JavaThread "Handler for socket connection from /127.0.0.1:63916 to /127.0.0.1:64656" [_thread_in_native, id=2488, stack(0x00000000689a0000,0x0000000068aa0000)]
  0x0000000028094000 JavaThread "Daemon Thread 10" [_thread_blocked, id=13092, stack(0x00000000688a0000,0x00000000689a0000)]
  0x000000001cda8800 JavaThread "pool-37-thread-1" [_thread_blocked, id=10888, stack(0x00000000542a0000,0x00000000543a0000)]
  0x000000001bb25000 JavaThread "Java2D Disposer" daemon [_thread_blocked, id=3016, stack(0x000000002c3a0000,0x000000002c4a0000)]
  0x000000001c1af800 JavaThread "Memory manager" [_thread_blocked, id=7172, stack(0x0000000023150000,0x0000000023250000)]
  0x000000001cb1d000 JavaThread "File lock request listener" [_thread_in_native, id=3200, stack(0x000000001efb0000,0x000000001f0b0000)]
  0x000000001c995800 JavaThread "Cache worker for file hash cache (C:\Users\edwar\.gradle\caches\4.1\fileHashes)" [_thread_blocked, id=7416, stack(0x000000001eeb0000,0x000000001efb0000)]
  0x000000001c8e8000 JavaThread "Daemon periodic checks" [_thread_blocked, id=5320, stack(0x000000001e4b0000,0x000000001e5b0000)]
  0x000000001c8e1000 JavaThread "Incoming local TCP Connector on port 63916" [_thread_in_native, id=1604, stack(0x000000001e270000,0x000000001e370000)]
  0x000000001a86e800 JavaThread "Service Thread" daemon [_thread_blocked, id=12552, stack(0x000000001b390000,0x000000001b490000)]
  0x000000001a7d1000 JavaThread "C1 CompilerThread3" daemon [_thread_blocked, id=560, stack(0x000000001b290000,0x000000001b390000)]
  0x000000001a7df000 JavaThread "C2 CompilerThread2" daemon [_thread_blocked, id=12956, stack(0x000000001b190000,0x000000001b290000)]
  0x000000001a7ca000 JavaThread "C2 CompilerThread1" daemon [_thread_blocked, id=11452, stack(0x000000001b090000,0x000000001b190000)]
  0x000000001a7c7000 JavaThread "C2 CompilerThread0" daemon [_thread_blocked, id=2332, stack(0x000000001af90000,0x000000001b090000)]
  0x000000001a7c6000 JavaThread "Attach Listener" daemon [_thread_blocked, id=6484, stack(0x000000001ae90000,0x000000001af90000)]
  0x000000001a7d5800 JavaThread "Signal Dispatcher" daemon [_thread_blocked, id=7972, stack(0x000000001ad90000,0x000000001ae90000)]
  0x000000001a7c0800 JavaThread "Finalizer" daemon [_thread_blocked, id=12408, stack(0x000000001aba0000,0x000000001aca0000)]
  0x00000000188cb800 JavaThread "Reference Handler" daemon [_thread_blocked, id=4868, stack(0x000000001a6a0000,0x000000001a7a0000)]
  0x000000000308d800 JavaThread "main" [_thread_blocked, id=8012, stack(0x0000000004910000,0x0000000004a10000)]

Other Threads:
  0x00000000188c6800 VMThread [stack: 0x000000001a5a0000,0x000000001a6a0000] [id=6812]
  0x000000001a86f800 WatcherThread [stack: 0x000000001b490000,0x000000001b590000] [id=972]

=>0x0000000004a2b800 (exited) GCTaskThread [stack: 0x00000000146e0000,0x00000000147e0000] [id=636]

VM state:at safepoint (normal execution)

VM Mutex/Monitor currently owned by a thread:  ([mutex/lock_event])
[0x000000000308ceb0] Threads_lock - owner thread: 0x00000000188c6800
[0x000000000308c930] Heap_lock - owner thread: 0x000000002809f800

Heap:
 PSYoungGen      total 417792K, used 417584K [0x00000000e0000000, 0x00000000fc800000, 0x0000000100000000)
  eden space 398848K, 100% used [0x00000000e0000000,0x00000000f8580000,0x00000000f8580000)
  from space 18944K, 98% used [0x00000000f9e00000,0x00000000fb04c120,0x00000000fb080000)
  to   space 24064K, 99% used [0x00000000fb080000,0x00000000fc7df120,0x00000000fc800000)
 ParOldGen       total 164352K, used 66635K [0x00000000a0000000, 0x00000000aa080000, 0x00000000e0000000)
  object space 164352K, 40% used [0x00000000a0000000,0x00000000a4112fd8,0x00000000aa080000)
 Metaspace       used 87960K, capacity 94860K, committed 95104K, reserved 1132544K
  class space    used 11125K, capacity 12662K, committed 12672K, reserved 1048576K

Card table byte_map: [0x0000000013ed0000,0x00000000141e0000] byte_map_base: 0x00000000139d0000

Marking Bits: (ParMarkBitMap*) 0x0000000072c93950
 Begin Bits: [0x0000000014be0000, 0x00000000163e0000)
 End Bits:   [0x00000000163e0000, 0x0000000017be0000)

Polling page: 0x00000000007e0000

CodeCache: size=245760Kb used=65626Kb max_used=65636Kb free=180133Kb
 bounds [0x0000000004b10000, 0x0000000008b90000, 0x0000000013b10000]
 total_blobs=19089 nmethods=18125 adapters=876
 compilation: enabled

Compilation events (10 events):
Event: 7289.827 Thread 0x000000001a7df000 nmethod 23150 0x0000000008b86650 code [0x0000000008b867a0, 0x0000000008b86838]
Event: 7289.833 Thread 0x000000001a7c7000 nmethod 23149 0x0000000008b841d0 code [0x0000000008b84380, 0x0000000008b849a8]
Event: 7289.853 Thread 0x000000001a7d1000 23151       3       org.objectweb.asm.commons.InstructionAdapter::tconst (9 bytes)
Event: 7289.853 Thread 0x000000001a7d1000 nmethod 23151 0x0000000008b861d0 code [0x0000000008b86340, 0x0000000008b86568]
Event: 7289.857 Thread 0x000000001a7d1000 23152       3       org.objectweb.asm.commons.InstructionAdapter::monitorenter (11 bytes)
Event: 7289.857 Thread 0x000000001a7d1000 nmethod 23152 0x0000000008b85d90 code [0x0000000008b85f00, 0x0000000008b86128]
Event: 7290.140 Thread 0x000000001a7ca000 23153       4       org.gradle.api.internal.tasks.compile.incremental.deps.DefaultDependentsSet::<init> (10 bytes)
Event: 7290.141 Thread 0x000000001a7ca000 nmethod 23153 0x0000000007e908d0 code [0x0000000007e90a00, 0x0000000007e90a78]
Event: 7290.296 Thread 0x000000001a7d1000 23154       1       com.google.common.collect.Maps$KeySet::map (5 bytes)
Event: 7290.296 Thread 0x000000001a7d1000 nmethod 23154 0x0000000008b83550 code [0x0000000008b836a0, 0x0000000008b837b0]

GC Heap History (10 events):
Event: 1202.749 GC heap after
Heap after GC invocations=16 (full 3):
 PSYoungGen      total 496640K, used 27646K [0x00000000e0000000, 0x0000000100000000, 0x0000000100000000)
  eden space 468992K, 0% used [0x00000000e0000000,0x00000000e0000000,0x00000000fca00000)
  from space 27648K, 99% used [0x00000000fca00000,0x00000000fe4ffa60,0x00000000fe500000)
  to   space 27648K, 0% used [0x00000000fe500000,0x00000000fe500000,0x0000000100000000)
 ParOldGen       total 164352K, used 60340K [0x00000000a0000000, 0x00000000aa080000, 0x00000000e0000000)
  object space 164352K, 36% used [0x00000000a0000000,0x00000000a3aed2a0,0x00000000aa080000)
 Metaspace       used 83866K, capacity 88712K, committed 88960K, reserved 1126400K
  class space    used 10657K, capacity 11793K, committed 11904K, reserved 1048576K
}
Event: 2384.921 GC heap before
{Heap before GC invocations=17 (full 3):
 PSYoungGen      total 496640K, used 496633K [0x00000000e0000000, 0x0000000100000000, 0x0000000100000000)
  eden space 468992K, 99% used [0x00000000e0000000,0x00000000fc9febe8,0x00000000fca00000)
  from space 27648K, 99% used [0x00000000fca00000,0x00000000fe4ffa60,0x00000000fe500000)
  to   space 27648K, 0% used [0x00000000fe500000,0x00000000fe500000,0x0000000100000000)
 ParOldGen       total 164352K, used 60340K [0x00000000a0000000, 0x00000000aa080000, 0x00000000e0000000)
  object space 164352K, 36% used [0x00000000a0000000,0x00000000a3aed2a0,0x00000000aa080000)
 Metaspace       used 84730K, capacity 89790K, committed 89856K, reserved 1126400K
  class space    used 10778K, capacity 11974K, committed 12032K, reserved 1048576K
Event: 2384.942 GC heap after
Heap after GC invocations=17 (full 3):
 PSYoungGen      total 467968K, used 14574K [0x00000000e0000000, 0x00000000ff680000, 0x0000000100000000)
  eden space 450048K, 0% used [0x00000000e0000000,0x00000000e0000000,0x00000000fb780000)
  from space 17920K, 81% used [0x00000000fe500000,0x00000000ff33b968,0x00000000ff680000)
  to   space 32256K, 0% used [0x00000000fb780000,0x00000000fb780000,0x00000000fd700000)
 ParOldGen       total 164352K, used 66083K [0x00000000a0000000, 0x00000000aa080000, 0x00000000e0000000)
  object space 164352K, 40% used [0x00000000a0000000,0x00000000a4088fa8,0x00000000aa080000)
 Metaspace       used 84730K, capacity 89790K, committed 89856K, reserved 1126400K
  class space    used 10778K, capacity 11974K, committed 12032K, reserved 1048576K
}
Event: 2677.563 GC heap before
{Heap before GC invocations=18 (full 3):
 PSYoungGen      total 467968K, used 464622K [0x00000000e0000000, 0x00000000ff680000, 0x0000000100000000)
  eden space 450048K, 100% used [0x00000000e0000000,0x00000000fb780000,0x00000000fb780000)
  from space 17920K, 81% used [0x00000000fe500000,0x00000000ff33b968,0x00000000ff680000)
  to   space 32256K, 0% used [0x00000000fb780000,0x00000000fb780000,0x00000000fd700000)
 ParOldGen       total 164352K, used 66083K [0x00000000a0000000, 0x00000000aa080000, 0x00000000e0000000)
  object space 164352K, 40% used [0x00000000a0000000,0x00000000a4088fa8,0x00000000aa080000)
 Metaspace       used 86293K, capacity 92096K, committed 92160K, reserved 1128448K
  class space    used 10958K, capacity 12275K, committed 12288K, reserved 1048576K
Event: 2677.578 GC heap after
Heap after GC invocations=18 (full 3):
 PSYoungGen      total 448000K, used 15683K [0x00000000e0000000, 0x00000000fe580000, 0x0000000100000000)
  eden space 432128K, 0% used [0x00000000e0000000,0x00000000e0000000,0x00000000fa600000)
  from space 15872K, 98% used [0x00000000fb780000,0x00000000fc6d0e18,0x00000000fc700000)
  to   space 30720K, 0% used [0x00000000fc780000,0x00000000fc780000,0x00000000fe580000)
 ParOldGen       total 164352K, used 66611K [0x00000000a0000000, 0x00000000aa080000, 0x00000000e0000000)
  object space 164352K, 40% used [0x00000000a0000000,0x00000000a410cfd8,0x00000000aa080000)
 Metaspace       used 86293K, capacity 92096K, committed 92160K, reserved 1128448K
  class space    used 10958K, capacity 12275K, committed 12288K, reserved 1048576K
}
Event: 6204.785 GC heap before
{Heap before GC invocations=19 (full 3):
 PSYoungGen      total 448000K, used 447811K [0x00000000e0000000, 0x00000000fe580000, 0x0000000100000000)
  eden space 432128K, 100% used [0x00000000e0000000,0x00000000fa600000,0x00000000fa600000)
  from space 15872K, 98% used [0x00000000fb780000,0x00000000fc6d0e18,0x00000000fc700000)
  to   space 30720K, 0% used [0x00000000fc780000,0x00000000fc780000,0x00000000fe580000)
 ParOldGen       total 164352K, used 66611K [0x00000000a0000000, 0x00000000aa080000, 0x00000000e0000000)
  object space 164352K, 40% used [0x00000000a0000000,0x00000000a410cfd8,0x00000000aa080000)
 Metaspace       used 87199K, capacity 93646K, committed 93696K, reserved 1130496K
  class space    used 11061K, capacity 12509K, committed 12544K, reserved 1048576K
Event: 6204.804 GC heap after
Heap after GC invocations=19 (full 3):
 PSYoungGen      total 433152K, used 17749K [0x00000000e0000000, 0x00000000fd900000, 0x0000000100000000)
  eden space 415232K, 0% used [0x00000000e0000000,0x00000000e0000000,0x00000000f9580000)
  from space 17920K, 99% used [0x00000000fc780000,0x00000000fd8d57c8,0x00000000fd900000)
  to   space 30208K, 0% used [0x00000000f9e00000,0x00000000f9e00000,0x00000000fbb80000)
 ParOldGen       total 164352K, used 66619K [0x00000000a0000000, 0x00000000aa080000, 0x00000000e0000000)
  object space 164352K, 40% used [0x00000000a0000000,0x00000000a410efd8,0x00000000aa080000)
 Metaspace       used 87199K, capacity 93646K, committed 93696K, reserved 1130496K
  class space    used 11061K, capacity 12509K, committed 12544K, reserved 1048576K
}
Event: 6221.167 GC heap before
{Heap before GC invocations=20 (full 3):
 PSYoungGen      total 433152K, used 432981K [0x00000000e0000000, 0x00000000fd900000, 0x0000000100000000)
  eden space 415232K, 100% used [0x00000000e0000000,0x00000000f9580000,0x00000000f9580000)
  from space 17920K, 99% used [0x00000000fc780000,0x00000000fd8d57c8,0x00000000fd900000)
  to   space 30208K, 0% used [0x00000000f9e00000,0x00000000f9e00000,0x00000000fbb80000)
 ParOldGen       total 164352K, used 66619K [0x00000000a0000000, 0x00000000aa080000, 0x00000000e0000000)
  object space 164352K, 40% used [0x00000000a0000000,0x00000000a410efd8,0x00000000aa080000)
 Metaspace       used 87626K, capacity 94496K, committed 94592K, reserved 1130496K
  class space    used 11110K, capacity 12616K, committed 12672K, reserved 1048576K
Event: 6221.188 GC heap after
Heap after GC invocations=20 (full 3):
 PSYoungGen      total 417792K, used 18736K [0x00000000e0000000, 0x00000000fc800000, 0x0000000100000000)
  eden space 398848K, 0% used [0x00000000e0000000,0x00000000e0000000,0x00000000f8580000)
  from space 18944K, 98% used [0x00000000f9e00000,0x00000000fb04c120,0x00000000fb080000)
  to   space 24064K, 0% used [0x00000000fb080000,0x00000000fb080000,0x00000000fc800000)
 ParOldGen       total 164352K, used 66627K [0x00000000a0000000, 0x00000000aa080000, 0x00000000e0000000)
  object space 164352K, 40% used [0x00000000a0000000,0x00000000a4110fd8,0x00000000aa080000)
 Metaspace       used 87626K, capacity 94496K, committed 94592K, reserved 1130496K
  class space    used 11110K, capacity 12616K, committed 12672K, reserved 1048576K
}
Event: 7290.326 GC heap before
{Heap before GC invocations=21 (full 3):
 PSYoungGen      total 417792K, used 417584K [0x00000000e0000000, 0x00000000fc800000, 0x0000000100000000)
  eden space 398848K, 100% used [0x00000000e0000000,0x00000000f8580000,0x00000000f8580000)
  from space 18944K, 98% used [0x00000000f9e00000,0x00000000fb04c120,0x00000000fb080000)
  to   space 24064K, 0% used [0x00000000fb080000,0x00000000fb080000,0x00000000fc800000)
 ParOldGen       total 164352K, used 66627K [0x00000000a0000000, 0x00000000aa080000, 0x00000000e0000000)
  object space 164352K, 40% used [0x00000000a0000000,0x00000000a4110fd8,0x00000000aa080000)
 Metaspace       used 87960K, capacity 94860K, committed 95104K, reserved 1132544K
  class space    used 11125K, capacity 12662K, committed 12672K, reserved 1048576K

Deoptimization events (10 events):
Event: 6213.203 Thread 0x000000001cd9b800 Uncommon trap: reason=bimorphic action=maybe_recompile pc=0x0000000007a8db68 method=org.gradle.api.internal.changedetection.rules.OutputFilesTaskStateChanges.isOutputEntry(Ljava/lang/String;Lorg/gradle/api/internal/changedetection/state/NormalizedFileSnap
Event: 6227.438 Thread 0x0000000028096800 Uncommon trap: reason=unstable_if action=reinterpret pc=0x00000000069772dc method=java.util.concurrent.locks.LockSupport.unpark(Ljava/lang/Thread;)V @ 1
Event: 6271.829 Thread 0x000000001c8e8000 Uncommon trap: reason=unstable_if action=reinterpret pc=0x0000000007f34424 method=java.util.concurrent.locks.AbstractQueuedSynchronizer$ConditionObject.awaitNanos(J)J @ 73
Event: 7283.035 Thread 0x0000000028098800 Uncommon trap: reason=unstable_if action=reinterpret pc=0x00000000065fdbc0 method=org.codehaus.groovy.util.ReferenceManager$CallBackedManager.removeStallEntries0(Ljava/lang/ref/ReferenceQueue;)V @ 6
Event: 7283.041 Thread 0x0000000028098800 Uncommon trap: reason=unstable_if action=reinterpret pc=0x0000000007064614 method=java.lang.ref.SoftReference.get()Ljava/lang/Object; @ 6
Event: 7283.054 Thread 0x0000000028098800 Uncommon trap: reason=unstable_if action=reinterpret pc=0x00000000050f5ff0 method=java.lang.ref.SoftReference.get()Ljava/lang/Object; @ 6
Event: 7283.302 Thread 0x0000000028098800 Uncommon trap: reason=unstable_if action=reinterpret pc=0x000000000505cc34 method=java.lang.ref.SoftReference.get()Ljava/lang/Object; @ 6
Event: 7285.865 Thread 0x000000002809f800 Uncommon trap: reason=unstable_if action=reinterpret pc=0x000000000730cd30 method=com.sun.tools.javac.parser.UnicodeReader.scanChar()V @ 37
Event: 7287.471 Thread 0x0000000028095000 Uncommon trap: reason=unstable_if action=reinterpret pc=0x000000000508d6b0 method=java.math.BigInteger.makePositive([B)[I @ 33
Event: 7287.472 Thread 0x0000000028095000 Uncommon trap: reason=unstable_if action=reinterpret pc=0x0000000005a4cc58 method=java.math.BigInteger.makePositive([B)[I @ 33

Classes redefined (0 events):
No events

Internal exceptions (10 events):
Event: 6221.371 Thread 0x000000001cd9b800 Exception <a 'sun/nio/fs/WindowsException'> (0x00000000e0942138) thrown at [D:\src\AOSP-openjdk-cygwin\jdk8u\hotspot\src\share\vm\prims\jni.cpp, line 709]
Event: 6221.371 Thread 0x000000001cd9b800 Exception <a 'sun/nio/fs/WindowsException'> (0x00000000e0942948) thrown at [D:\src\AOSP-openjdk-cygwin\jdk8u\hotspot\src\share\vm\prims\jni.cpp, line 709]
Event: 6221.371 Thread 0x000000001cd9b800 Exception <a 'sun/nio/fs/WindowsException'> (0x00000000e0943950) thrown at [D:\src\AOSP-openjdk-cygwin\jdk8u\hotspot\src\share\vm\prims\jni.cpp, line 709]
Event: 6221.371 Thread 0x000000001cd9b800 Exception <a 'sun/nio/fs/WindowsException'> (0x00000000e0944130) thrown at [D:\src\AOSP-openjdk-cygwin\jdk8u\hotspot\src\share\vm\prims\jni.cpp, line 709]
Event: 6228.672 Thread 0x000000001cd9b800 Exception <a 'sun/nio/fs/WindowsException'> (0x00000000e712f340) thrown at [D:\src\AOSP-openjdk-cygwin\jdk8u\hotspot\src\share\vm\prims\jni.cpp, line 709]
Event: 6228.740 Thread 0x0000000028095000 Exception <a 'sun/nio/fs/WindowsException'> (0x00000000e0473b88) thrown at [D:\src\AOSP-openjdk-cygwin\jdk8u\hotspot\src\share\vm\prims\jni.cpp, line 709]
Event: 7283.036 Thread 0x0000000028098800 Exception <a 'java/lang/ClassNotFoundException': sync_local_repo839_91o3ogw97h7cbh0o81mkihzn5BeanInfo> (0x00000000e810d548) thrown at [D:\src\AOSP-openjdk-cygwin\jdk8u\hotspot\src\share\vm\classfile\systemDictionary.cpp, line 210]
Event: 7283.037 Thread 0x0000000028098800 Exception <a 'java/lang/ClassNotFoundException': sync_local_repo839_91o3ogw97h7cbh0o81mkihzn5Customizer> (0x00000000e8117b70) thrown at [D:\src\AOSP-openjdk-cygwin\jdk8u\hotspot\src\share\vm\classfile\systemDictionary.cpp, line 210]
Event: 7283.041 Thread 0x0000000028098800 Implicit null exception at 0x000000000706409c to 0x00000000070645ed
Event: 7283.054 Thread 0x0000000028098800 Implicit null exception at 0x00000000050f5b80 to 0x00000000050f5fd5

Events (10 events):
Event: 7285.916 Thread 0x000000002809f800 DEOPT UNPACKING pc=0x0000000004b571bf sp=0x0000000069b9bf08 mode 0
Event: 7285.917 Thread 0x000000002809f800 DEOPT PACKING pc=0x00000000072bb39c sp=0x0000000069b9c1d0
Event: 7285.917 Thread 0x000000002809f800 DEOPT UNPACKING pc=0x0000000004b571bf sp=0x0000000069b9bf08 mode 0
Event: 7287.471 Thread 0x0000000028095000 Uncommon trap: trap_request=0xffffff65 fr.pc=0x000000000508d6b0
Event: 7287.471 Thread 0x0000000028095000 DEOPT PACKING pc=0x000000000508d6b0 sp=0x0000000068f9e9b0
Event: 7287.471 Thread 0x0000000028095000 DEOPT UNPACKING pc=0x0000000004b5556a sp=0x0000000068f9e8d8 mode 2
Event: 7287.472 Thread 0x0000000028095000 Uncommon trap: trap_request=0xffffff65 fr.pc=0x0000000005a4cc58
Event: 7287.472 Thread 0x0000000028095000 DEOPT PACKING pc=0x0000000005a4cc58 sp=0x0000000068f9e900
Event: 7287.472 Thread 0x0000000028095000 DEOPT UNPACKING pc=0x0000000004b5556a sp=0x0000000068f9e888 mode 2
Event: 7290.326 Executing VM operation: ParallelGCFailedAllocation


Dynamic libraries:
0x00007ff704450000 - 0x00007ff704481000 	C:\Program Files\Android\Android Studio\jre\bin\java.exe
0x00007ffc8b990000 - 0x00007ffc8bb70000 	C:\Windows\SYSTEM32\ntdll.dll
0x00007ffc89510000 - 0x00007ffc895be000 	C:\Windows\System32\KERNEL32.DLL
0x00007ffc886b0000 - 0x00007ffc88916000 	C:\Windows\System32\KERNELBASE.dll
0x00007ffc89870000 - 0x00007ffc89911000 	C:\Windows\System32\ADVAPI32.dll
0x00007ffc8b660000 - 0x00007ffc8b6fd000 	C:\Windows\System32\msvcrt.dll
0x00007ffc89810000 - 0x00007ffc8986b000 	C:\Windows\System32\sechost.dll
0x00007ffc896e0000 - 0x00007ffc897ff000 	C:\Windows\System32\RPCRT4.dll
0x00007ffc8b770000 - 0x00007ffc8b8ff000 	C:\Windows\System32\USER32.dll
0x00007ffc88ca0000 - 0x00007ffc88cc0000 	C:\Windows\System32\win32u.dll
0x00007ffc8a1f0000 - 0x00007ffc8a218000 	C:\Windows\System32\GDI32.dll
0x00007ffc88cc0000 - 0x00007ffc88e54000 	C:\Windows\System32\gdi32full.dll
0x00007ffc88c00000 - 0x00007ffc88c9b000 	C:\Windows\System32\msvcp_win.dll
0x00007ffc88aa0000 - 0x00007ffc88b96000 	C:\Windows\System32\ucrtbase.dll
0x00007ffc7e300000 - 0x00007ffc7e569000 	C:\Windows\WinSxS\amd64_microsoft.windows.common-controls_6595b64144ccf1df_6.0.16299.64_none_cc9304e22215ca8f\COMCTL32.dll
0x00007ffc89ae0000 - 0x00007ffc89de8000 	C:\Windows\System32\combase.dll
0x00007ffc88920000 - 0x00007ffc88992000 	C:\Windows\System32\bcryptPrimitives.dll
0x00007ffc89f60000 - 0x00007ffc89f8d000 	C:\Windows\System32\IMM32.DLL
0x00000000732c0000 - 0x0000000073392000 	C:\Program Files\Android\Android Studio\jre\jre\bin\msvcr100.dll
0x00000000724d0000 - 0x0000000072d0e000 	C:\Program Files\Android\Android Studio\jre\jre\bin\server\jvm.dll
0x00007ffc89ac0000 - 0x00007ffc89ac8000 	C:\Windows\System32\PSAPI.DLL
0x00007ffc85cd0000 - 0x00007ffc85cf3000 	C:\Windows\SYSTEM32\WINMM.dll
0x00007ffc82100000 - 0x00007ffc8210a000 	C:\Windows\SYSTEM32\VERSION.dll
0x00007ffc7e7a0000 - 0x00007ffc7e7a9000 	C:\Windows\SYSTEM32\WSOCK32.dll
0x00007ffc8b700000 - 0x00007ffc8b76c000 	C:\Windows\System32\WS2_32.dll
0x00007ffc85b20000 - 0x00007ffc85b4a000 	C:\Windows\SYSTEM32\WINMMBASE.dll
0x00007ffc889a0000 - 0x00007ffc889ea000 	C:\Windows\System32\cfgmgr32.dll
0x00007ffc7e6b0000 - 0x00007ffc7e6bf000 	C:\Program Files\Android\Android Studio\jre\jre\bin\verify.dll
0x00007ffc72a00000 - 0x00007ffc72a29000 	C:\Program Files\Android\Android Studio\jre\jre\bin\java.dll
0x00007ffc72920000 - 0x00007ffc72936000 	C:\Program Files\Android\Android Studio\jre\jre\bin\zip.dll
0x00007ffc8a220000 - 0x00007ffc8b657000 	C:\Windows\System32\SHELL32.dll
0x00007ffc89460000 - 0x00007ffc89506000 	C:\Windows\System32\shcore.dll
0x00007ffc87f60000 - 0x00007ffc886a7000 	C:\Windows\System32\windows.storage.dll
0x00007ffc89f00000 - 0x00007ffc89f51000 	C:\Windows\System32\shlwapi.dll
0x00007ffc87d00000 - 0x00007ffc87d11000 	C:\Windows\System32\kernel.appcore.dll
0x00007ffc87d40000 - 0x00007ffc87d8c000 	C:\Windows\System32\powrprof.dll
0x00007ffc87ce0000 - 0x00007ffc87cfb000 	C:\Windows\System32\profapi.dll
0x00007ffc71bb0000 - 0x00007ffc71bca000 	C:\Program Files\Android\Android Studio\jre\jre\bin\net.dll
0x00007ffc87570000 - 0x00007ffc875d6000 	C:\Windows\system32\mswsock.dll
0x00007ffc71b90000 - 0x00007ffc71ba1000 	C:\Program Files\Android\Android Studio\jre\jre\bin\nio.dll
0x00007ffc66a40000 - 0x00007ffc66a5e000 	C:\Users\edwar\.gradle\native\25\windows-amd64\native-platform.dll
0x00007ffc7d090000 - 0x00007ffc7d09d000 	C:\Program Files\Android\Android Studio\jre\jre\bin\management.dll
0x00007ffc87730000 - 0x00007ffc87747000 	C:\Windows\SYSTEM32\CRYPTSP.dll
0x00007ffc87180000 - 0x00007ffc871b3000 	C:\Windows\system32\rsaenh.dll
0x00007ffc87840000 - 0x00007ffc87865000 	C:\Windows\SYSTEM32\bcrypt.dll
0x00007ffc87c10000 - 0x00007ffc87c39000 	C:\Windows\SYSTEM32\USERENV.dll
0x00007ffc87750000 - 0x00007ffc8775b000 	C:\Windows\SYSTEM32\CRYPTBASE.dll
0x00007ffc87300000 - 0x00007ffc87339000 	C:\Windows\SYSTEM32\IPHLPAPI.DLL
0x00007ffc89ad0000 - 0x00007ffc89ad8000 	C:\Windows\System32\NSI.dll
0x00007ffc81fe0000 - 0x00007ffc81ff6000 	C:\Windows\SYSTEM32\dhcpcsvc6.DLL
0x00007ffc82e70000 - 0x00007ffc82e8a000 	C:\Windows\SYSTEM32\dhcpcsvc.DLL
0x00007ffc61470000 - 0x00007ffc61605000 	C:\Program Files\Android\Android Studio\jre\jre\bin\awt.dll
0x00007ffc89fb0000 - 0x00007ffc8a075000 	C:\Windows\System32\OLEAUT32.dll
0x00007ffc85450000 - 0x00007ffc85a08000 	C:\Windows\SYSTEM32\d2d1.dll
0x00007ffc87d90000 - 0x00007ffc87f5e000 	C:\Windows\System32\CRYPT32.dll
0x00007ffc87d20000 - 0x00007ffc87d32000 	C:\Windows\System32\MSASN1.dll
0x00007ffc861a0000 - 0x00007ffc86227000 	C:\Windows\SYSTEM32\apphelp.dll
0x00007ffc86590000 - 0x00007ffc865ba000 	C:\Windows\system32\DWMAPI.DLL
0x00007ffc86420000 - 0x00007ffc864b5000 	C:\Windows\system32\uxtheme.dll
0x00007ffc86e20000 - 0x00007ffc86e51000 	C:\Windows\SYSTEM32\ntmarta.dll
0x00007ffc7b220000 - 0x00007ffc7b3e8000 	C:\Windows\SYSTEM32\dbghelp.dll

VM Arguments:
jvm_args: -Xmx1536m -Dfile.encoding=windows-1252 -Duser.country=AU -Duser.language=en -Duser.variant 
java_command: org.gradle.launcher.daemon.bootstrap.GradleDaemon 4.1
java_class_path (initial): C:\Users\edwar\.gradle\wrapper\dists\gradle-4.1-all\bzyivzo6n839fup2jbap0tjew\gradle-4.1\lib\gradle-launcher-4.1.jar
Launcher Type: SUN_STANDARD

Environment Variables:
JAVA_HOME=C:\Program Files\Java\jdk1.8.0_151
PATH=C:\ProgramData\Oracle\Java\javapath;C:\Windows\system32;C:\Windows;C:\Windows\System32\Wbem;C:\Windows\System32\WindowsPowerShell\v1.0\;C:\Program Files (x86)\ATI Technologies\ATI.ACE\Core-Static;C:\Program Files\Git\cmd;C:\Users\edwar\AppData\Local\Programs\Python\Python36\Scripts\;C:\Users\edwar\AppData\Local\Programs\Python\Python36\;C:\Users\edwar\AppData\Local\Microsoft\WindowsApps;C:\Users\edwar\AppData\Local\atom\bin
USERNAME=edwar
OS=Windows_NT
PROCESSOR_IDENTIFIER=AMD64 Family 21 Model 1 Stepping 2, AuthenticAMD



---------------  S Y S T E M  ---------------

OS: Windows 10.0 , 64 bit Build 16299 (10.0.16299.15)

CPU:total 8 (initial active 8) (8 cores per cpu, 1 threads per core) family 21 model 1 stepping 2, cmov, cx8, fxsr, mmx, sse, sse2, sse3, ssse3, sse4.1, sse4.2, popcnt, avx, aes, clmul, mmxext, 3dnowpref, lzcnt, sse4a, tsc, tscinvbit, tscinv

Memory: 4k page, physical 16774368k(9254472k free), swap 19264736k(10674340k free)

vm_info: OpenJDK 64-Bit Server VM (25.152-b01) for windows-amd64 JRE (1.8.0_152-release-915-b01), built by "builder" with MS VC++ 10.0 (VS2010)

time: Sat Dec 02 18:03:25 2017
elapsed time: 7290 seconds (0d 2h 1m 30s)

